{"C:\\Users\\zhangtian\\Project\\Villain\\web\\craco-scoped-less\\index.js": {"path":"C:\\Users\\zhangtian\\Project\\Villain\\web\\craco-scoped-less\\index.js","statementMap":{"0":{"start":{"line":1,"column":36},"end":{"line":1,"column":59}},"1":{"start":{"line":2,"column":13},"end":{"line":2,"column":28}},"2":{"start":{"line":4,"column":27},"end":{"line":22,"column":1}},"3":{"start":{"line":5,"column":16},"end":{"line":5,"column":57}},"4":{"start":{"line":7,"column":23},"end":{"line":7,"column":25}},"5":{"start":{"line":8,"column":2},"end":{"line":14,"column":3}},"6":{"start":{"line":8,"column":15},"end":{"line":8,"column":16}},"7":{"start":{"line":9,"column":17},"end":{"line":9,"column":25}},"8":{"start":{"line":10,"column":4},"end":{"line":13,"column":5}},"9":{"start":{"line":11,"column":6},"end":{"line":11,"column":25}},"10":{"start":{"line":12,"column":6},"end":{"line":12,"column":12}},"11":{"start":{"line":16,"column":2},"end":{"line":21,"column":3}},"12":{"start":{"line":17,"column":26},"end":{"line":17,"column":74}},"13":{"start":{"line":18,"column":4},"end":{"line":18,"column":55}},"14":{"start":{"line":20,"column":4},"end":{"line":20,"column":43}},"15":{"start":{"line":24,"column":0},"end":{"line":73,"column":1}},"16":{"start":{"line":26,"column":31},"end":{"line":26,"column":85}},"17":{"start":{"line":27,"column":4},"end":{"line":52,"column":5}},"18":{"start":{"line":28,"column":6},"end":{"line":30,"column":7}},"19":{"start":{"line":29,"column":8},"end":{"line":29,"column":34}},"20":{"start":{"line":31,"column":6},"end":{"line":33,"column":7}},"21":{"start":{"line":32,"column":8},"end":{"line":32,"column":42}},"22":{"start":{"line":34,"column":26},"end":{"line":38,"column":7}},"23":{"start":{"line":36,"column":10},"end":{"line":37,"column":81}},"24":{"start":{"line":39,"column":24},"end":{"line":44,"column":7}},"25":{"start":{"line":45,"column":6},"end":{"line":49,"column":7}},"26":{"start":{"line":46,"column":8},"end":{"line":46,"column":53}},"27":{"start":{"line":48,"column":8},"end":{"line":48,"column":62}},"28":{"start":{"line":51,"column":6},"end":{"line":51,"column":47}},"29":{"start":{"line":54,"column":22},"end":{"line":54,"column":73}},"30":{"start":{"line":54,"column":62},"end":{"line":54,"column":72}},"31":{"start":{"line":55,"column":4},"end":{"line":57,"column":5}},"32":{"start":{"line":56,"column":6},"end":{"line":56,"column":45}},"33":{"start":{"line":59,"column":21},"end":{"line":64,"column":5}},"34":{"start":{"line":61,"column":8},"end":{"line":63,"column":54}},"35":{"start":{"line":65,"column":4},"end":{"line":69,"column":5}},"36":{"start":{"line":66,"column":6},"end":{"line":66,"column":44}},"37":{"start":{"line":68,"column":6},"end":{"line":68,"column":35}},"38":{"start":{"line":71,"column":4},"end":{"line":71,"column":25}}},"fnMap":{"0":{"name":"(anonymous_0)","decl":{"start":{"line":4,"column":27},"end":{"line":4,"column":28}},"loc":{"start":{"line":4,"column":41},"end":{"line":22,"column":1}},"line":4},"1":{"name":"(anonymous_1)","decl":{"start":{"line":25,"column":25},"end":{"line":25,"column":26}},"loc":{"start":{"line":25,"column":48},"end":{"line":72,"column":3}},"line":25},"2":{"name":"(anonymous_2)","decl":{"start":{"line":35,"column":8},"end":{"line":35,"column":9}},"loc":{"start":{"line":36,"column":10},"end":{"line":37,"column":81}},"line":36},"3":{"name":"(anonymous_3)","decl":{"start":{"line":54,"column":54},"end":{"line":54,"column":55}},"loc":{"start":{"line":54,"column":62},"end":{"line":54,"column":72}},"line":54},"4":{"name":"(anonymous_4)","decl":{"start":{"line":60,"column":6},"end":{"line":60,"column":7}},"loc":{"start":{"line":61,"column":8},"end":{"line":63,"column":54}},"line":61}},"branchMap":{"0":{"loc":{"start":{"line":5,"column":16},"end":{"line":5,"column":57}},"type":"binary-expr","locations":[{"start":{"line":5,"column":16},"end":{"line":5,"column":30}},{"start":{"line":5,"column":34},"end":{"line":5,"column":51}},{"start":{"line":5,"column":55},"end":{"line":5,"column":57}}],"line":5},"1":{"loc":{"start":{"line":10,"column":4},"end":{"line":13,"column":5}},"type":"if","locations":[{"start":{"line":10,"column":4},"end":{"line":13,"column":5}},{"start":{"line":10,"column":4},"end":{"line":13,"column":5}}],"line":10},"2":{"loc":{"start":{"line":10,"column":8},"end":{"line":10,"column":79}},"type":"binary-expr","locations":[{"start":{"line":10,"column":8},"end":{"line":10,"column":19}},{"start":{"line":10,"column":23},"end":{"line":10,"column":79}}],"line":10},"3":{"loc":{"start":{"line":16,"column":2},"end":{"line":21,"column":3}},"type":"if","locations":[{"start":{"line":16,"column":2},"end":{"line":21,"column":3}},{"start":{"line":16,"column":2},"end":{"line":21,"column":3}}],"line":16},"4":{"loc":{"start":{"line":27,"column":4},"end":{"line":52,"column":5}},"type":"if","locations":[{"start":{"line":27,"column":4},"end":{"line":52,"column":5}},{"start":{"line":27,"column":4},"end":{"line":52,"column":5}}],"line":27},"5":{"loc":{"start":{"line":28,"column":6},"end":{"line":30,"column":7}},"type":"if","locations":[{"start":{"line":28,"column":6},"end":{"line":30,"column":7}},{"start":{"line":28,"column":6},"end":{"line":30,"column":7}}],"line":28},"6":{"loc":{"start":{"line":31,"column":6},"end":{"line":33,"column":7}},"type":"if","locations":[{"start":{"line":31,"column":6},"end":{"line":33,"column":7}},{"start":{"line":31,"column":6},"end":{"line":33,"column":7}}],"line":31},"7":{"loc":{"start":{"line":36,"column":10},"end":{"line":37,"column":81}},"type":"binary-expr","locations":[{"start":{"line":36,"column":10},"end":{"line":36,"column":31}},{"start":{"line":37,"column":10},"end":{"line":37,"column":81}}],"line":36},"8":{"loc":{"start":{"line":45,"column":6},"end":{"line":49,"column":7}},"type":"if","locations":[{"start":{"line":45,"column":6},"end":{"line":49,"column":7}},{"start":{"line":45,"column":6},"end":{"line":49,"column":7}}],"line":45},"9":{"loc":{"start":{"line":55,"column":4},"end":{"line":57,"column":5}},"type":"if","locations":[{"start":{"line":55,"column":4},"end":{"line":57,"column":5}},{"start":{"line":55,"column":4},"end":{"line":57,"column":5}}],"line":55},"10":{"loc":{"start":{"line":61,"column":8},"end":{"line":63,"column":54}},"type":"binary-expr","locations":[{"start":{"line":61,"column":8},"end":{"line":61,"column":17}},{"start":{"line":62,"column":8},"end":{"line":62,"column":47}},{"start":{"line":63,"column":8},"end":{"line":63,"column":54}}],"line":61},"11":{"loc":{"start":{"line":65,"column":4},"end":{"line":69,"column":5}},"type":"if","locations":[{"start":{"line":65,"column":4},"end":{"line":69,"column":5}},{"start":{"line":65,"column":4},"end":{"line":69,"column":5}}],"line":65}},"s":{"0":1,"1":1,"2":1,"3":2,"4":2,"5":2,"6":2,"7":1,"8":1,"9":1,"10":1,"11":2,"12":1,"13":1,"14":1,"15":1,"16":5,"17":5,"18":4,"19":4,"20":4,"21":4,"22":4,"23":0,"24":4,"25":4,"26":4,"27":0,"28":1,"29":4,"30":4,"31":4,"32":1,"33":3,"34":5,"35":3,"36":1,"37":2,"38":1},"f":{"0":2,"1":5,"2":0,"3":4,"4":5},"b":{"0":[2,1,1],"1":[1,0],"2":[1,1],"3":[1,1],"4":[4,1],"5":[4,0],"6":[4,0],"7":[0,0],"8":[4,0],"9":[1,3],"10":[5,2,2],"11":[1,2]},"_coverageSchema":"1a1c01bbd47fc00a2c39e90264f33305004495a9","hash":"4296b9949f4d0948f7d56d4e94c4ca5eb749c48f"}
}
