TN:
SF:index.js
FN:4,(anonymous_0)
FN:25,(anonymous_1)
FN:35,(anonymous_2)
FN:54,(anonymous_3)
FN:60,(anonymous_4)
FNF:5
FNH:4
FNDA:2,(anonymous_0)
FNDA:5,(anonymous_1)
FNDA:0,(anonymous_2)
FNDA:4,(anonymous_3)
FNDA:5,(anonymous_4)
DA:1,1
DA:2,1
DA:4,1
DA:5,2
DA:7,2
DA:8,2
DA:9,1
DA:10,1
DA:11,1
DA:12,1
DA:16,2
DA:17,1
DA:18,1
DA:20,1
DA:24,1
DA:26,5
DA:27,5
DA:28,4
DA:29,4
DA:31,4
DA:32,4
DA:34,4
DA:36,0
DA:39,4
DA:45,4
DA:46,4
DA:48,0
DA:51,1
DA:54,4
DA:55,4
DA:56,1
DA:59,3
DA:61,5
DA:65,3
DA:66,1
DA:68,2
DA:71,1
LF:37
LH:35
BRDA:5,0,0,2
BRDA:5,0,1,1
BRDA:5,0,2,1
BRDA:10,1,0,1
BRDA:10,1,1,0
BRDA:10,2,0,1
BRDA:10,2,1,1
BRDA:16,3,0,1
BRDA:16,3,1,1
BRDA:27,4,0,4
BRDA:27,4,1,1
BRDA:28,5,0,4
BRDA:28,5,1,0
BRDA:31,6,0,4
BRDA:31,6,1,0
BRDA:36,7,0,0
BRDA:36,7,1,0
BRDA:45,8,0,4
BRDA:45,8,1,0
BRDA:55,9,0,1
BRDA:55,9,1,3
BRDA:61,10,0,5
BRDA:61,10,1,2
BRDA:61,10,2,2
BRDA:65,11,0,1
BRDA:65,11,1,2
BRF:26
BRH:20
end_of_record
